Vivado Simulator v2023.2.2
Copyright 1986-2022 Xilinx, Inc. All Rights Reserved.
Copyright 2022-2023 Advanced Micro Devices, Inc. All Rights Reserved.
Running: D:/Xilinx/Vivado/2023.2/bin/unwrapped/win64.o/xelab.exe --incr --debug typical --relax --mt 2 -L xil_defaultlib -L secureip --snapshot Scoreboard_Final_Tb_behav xil_defaultlib.Scoreboard_Final_Tb -log elaborate.log 
Using 2 slave threads.
Starting static elaboration
Completed static elaboration
Starting simulation data flow analysis
Completed simulation data flow analysis
Time Resolution for simulation is 1ps
Compiling package std.standard
Compiling package std.textio
Compiling package ieee.std_logic_1164
Compiling package ieee.numeric_std
Compiling architecture behavioral of entity xil_defaultlib.Debouncer [\Debouncer(reg_width=1)\]
Compiling architecture behavior of entity xil_defaultlib.synchronizer [synchronizer_default]
Compiling architecture wiring of entity xil_defaultlib.Button_Filter [\Button_Filter(reg_width=1)\]
Compiling architecture behavioral of entity xil_defaultlib.Scoreboard [\Scoreboard(reg_width=1)\]
Compiling architecture connections of entity xil_defaultlib.Scoreboard_Final [\Scoreboard_Final(reg_width_f=1)...]
Compiling architecture simulation of entity xil_defaultlib.scoreboard_final_tb
Built simulation snapshot Scoreboard_Final_Tb_behav
