Time resolution is 1 ps
Note: ALL REGISTERS ARE 111111111
Time: 10 ns  Iteration: 1  Process: /Scoreboard_Final_Tb/Scoreboard_F_Instance/INCREASE_Filter/deb/line__22  File: C:/Users/marco/Documents/Vivado/Scoreboard/Scoreboard.srcs/sources_1/new/Debouncer.vhd
Note: Synchronizer Flag Set 1
Time: 10 ns  Iteration: 2  Process: /Scoreboard_Final_Tb/Scoreboard_F_Instance/INCREASE_Filter/syn/line__21  File: C:/Users/marco/Documents/Vivado/Scoreboard/Scoreboard.srcs/sources_1/new/Synchronizer.vhd
Note: ALL REGISTERS ARE 111111111
Time: 15 ns  Iteration: 1  Process: /Scoreboard_Final_Tb/Scoreboard_F_Instance/INCREASE_Filter/deb/line__22  File: C:/Users/marco/Documents/Vivado/Scoreboard/Scoreboard.srcs/sources_1/new/Debouncer.vhd
Note: Synchronizer data_out Set 1
Time: 15 ns  Iteration: 1  Process: /Scoreboard_Final_Tb/Scoreboard_F_Instance/INCREASE_Filter/syn/line__21  File: C:/Users/marco/Documents/Vivado/Scoreboard/Scoreboard.srcs/sources_1/new/Synchronizer.vhd
Note: Synchronizer data_out Set 0
Time: 20 ns  Iteration: 1  Process: /Scoreboard_Final_Tb/Scoreboard_F_Instance/INCREASE_Filter/syn/line__21  File: C:/Users/marco/Documents/Vivado/Scoreboard/Scoreboard.srcs/sources_1/new/Synchronizer.vhd
Note: ALL REGISTERS ARE 111111111
Time: 30 ns  Iteration: 1  Process: /Scoreboard_Final_Tb/Scoreboard_F_Instance/INCREASE_Filter/deb/line__22  File: C:/Users/marco/Documents/Vivado/Scoreboard/Scoreboard.srcs/sources_1/new/Debouncer.vhd
Note: Synchronizer Flag Set 1
Time: 30 ns  Iteration: 2  Process: /Scoreboard_Final_Tb/Scoreboard_F_Instance/INCREASE_Filter/syn/line__21  File: C:/Users/marco/Documents/Vivado/Scoreboard/Scoreboard.srcs/sources_1/new/Synchronizer.vhd
Note: ALL REGISTERS ARE 111111111
Time: 35 ns  Iteration: 1  Process: /Scoreboard_Final_Tb/Scoreboard_F_Instance/INCREASE_Filter/deb/line__22  File: C:/Users/marco/Documents/Vivado/Scoreboard/Scoreboard.srcs/sources_1/new/Debouncer.vhd
Note: Synchronizer data_out Set 1
Time: 35 ns  Iteration: 1  Process: /Scoreboard_Final_Tb/Scoreboard_F_Instance/INCREASE_Filter/syn/line__21  File: C:/Users/marco/Documents/Vivado/Scoreboard/Scoreboard.srcs/sources_1/new/Synchronizer.vhd
Note: Synchronizer data_out Set 0
Time: 40 ns  Iteration: 1  Process: /Scoreboard_Final_Tb/Scoreboard_F_Instance/INCREASE_Filter/syn/line__21  File: C:/Users/marco/Documents/Vivado/Scoreboard/Scoreboard.srcs/sources_1/new/Synchronizer.vhd
Note: ALL REGISTERS ARE 111111111
Time: 50 ns  Iteration: 1  Process: /Scoreboard_Final_Tb/Scoreboard_F_Instance/INCREASE_Filter/deb/line__22  File: C:/Users/marco/Documents/Vivado/Scoreboard/Scoreboard.srcs/sources_1/new/Debouncer.vhd
Note: Synchronizer Flag Set 1
Time: 50 ns  Iteration: 2  Process: /Scoreboard_Final_Tb/Scoreboard_F_Instance/INCREASE_Filter/syn/line__21  File: C:/Users/marco/Documents/Vivado/Scoreboard/Scoreboard.srcs/sources_1/new/Synchronizer.vhd
Note: ALL REGISTERS ARE 111111111
Time: 55 ns  Iteration: 1  Process: /Scoreboard_Final_Tb/Scoreboard_F_Instance/INCREASE_Filter/deb/line__22  File: C:/Users/marco/Documents/Vivado/Scoreboard/Scoreboard.srcs/sources_1/new/Debouncer.vhd
Note: Synchronizer data_out Set 1
Time: 55 ns  Iteration: 1  Process: /Scoreboard_Final_Tb/Scoreboard_F_Instance/INCREASE_Filter/syn/line__21  File: C:/Users/marco/Documents/Vivado/Scoreboard/Scoreboard.srcs/sources_1/new/Synchronizer.vhd
Note: Synchronizer data_out Set 0
Time: 60 ns  Iteration: 1  Process: /Scoreboard_Final_Tb/Scoreboard_F_Instance/INCREASE_Filter/syn/line__21  File: C:/Users/marco/Documents/Vivado/Scoreboard/Scoreboard.srcs/sources_1/new/Synchronizer.vhd
Note: ALL REGISTERS ARE 111111111
Time: 70 ns  Iteration: 1  Process: /Scoreboard_Final_Tb/Scoreboard_F_Instance/INCREASE_Filter/deb/line__22  File: C:/Users/marco/Documents/Vivado/Scoreboard/Scoreboard.srcs/sources_1/new/Debouncer.vhd
Note: Synchronizer Flag Set 1
Time: 70 ns  Iteration: 2  Process: /Scoreboard_Final_Tb/Scoreboard_F_Instance/INCREASE_Filter/syn/line__21  File: C:/Users/marco/Documents/Vivado/Scoreboard/Scoreboard.srcs/sources_1/new/Synchronizer.vhd
Note: ALL REGISTERS ARE 111111111
Time: 75 ns  Iteration: 1  Process: /Scoreboard_Final_Tb/Scoreboard_F_Instance/INCREASE_Filter/deb/line__22  File: C:/Users/marco/Documents/Vivado/Scoreboard/Scoreboard.srcs/sources_1/new/Debouncer.vhd
Note: Synchronizer data_out Set 1
Time: 75 ns  Iteration: 1  Process: /Scoreboard_Final_Tb/Scoreboard_F_Instance/INCREASE_Filter/syn/line__21  File: C:/Users/marco/Documents/Vivado/Scoreboard/Scoreboard.srcs/sources_1/new/Synchronizer.vhd
Note: Synchronizer data_out Set 0
Time: 80 ns  Iteration: 1  Process: /Scoreboard_Final_Tb/Scoreboard_F_Instance/INCREASE_Filter/syn/line__21  File: C:/Users/marco/Documents/Vivado/Scoreboard/Scoreboard.srcs/sources_1/new/Synchronizer.vhd
Note: ALL REGISTERS ARE 111111111
Time: 90 ns  Iteration: 1  Process: /Scoreboard_Final_Tb/Scoreboard_F_Instance/INCREASE_Filter/deb/line__22  File: C:/Users/marco/Documents/Vivado/Scoreboard/Scoreboard.srcs/sources_1/new/Debouncer.vhd
Note: Synchronizer Flag Set 1
Time: 90 ns  Iteration: 2  Process: /Scoreboard_Final_Tb/Scoreboard_F_Instance/INCREASE_Filter/syn/line__21  File: C:/Users/marco/Documents/Vivado/Scoreboard/Scoreboard.srcs/sources_1/new/Synchronizer.vhd
Note: ALL REGISTERS ARE 111111111
Time: 95 ns  Iteration: 1  Process: /Scoreboard_Final_Tb/Scoreboard_F_Instance/INCREASE_Filter/deb/line__22  File: C:/Users/marco/Documents/Vivado/Scoreboard/Scoreboard.srcs/sources_1/new/Debouncer.vhd
Note: Synchronizer data_out Set 1
Time: 95 ns  Iteration: 1  Process: /Scoreboard_Final_Tb/Scoreboard_F_Instance/INCREASE_Filter/syn/line__21  File: C:/Users/marco/Documents/Vivado/Scoreboard/Scoreboard.srcs/sources_1/new/Synchronizer.vhd
Note: Synchronizer data_out Set 0
Time: 100 ns  Iteration: 1  Process: /Scoreboard_Final_Tb/Scoreboard_F_Instance/INCREASE_Filter/syn/line__21  File: C:/Users/marco/Documents/Vivado/Scoreboard/Scoreboard.srcs/sources_1/new/Synchronizer.vhd
Note: ALL REGISTERS ARE 111111111
Time: 110 ns  Iteration: 1  Process: /Scoreboard_Final_Tb/Scoreboard_F_Instance/INCREASE_Filter/deb/line__22  File: C:/Users/marco/Documents/Vivado/Scoreboard/Scoreboard.srcs/sources_1/new/Debouncer.vhd
Note: Synchronizer Flag Set 1
Time: 110 ns  Iteration: 2  Process: /Scoreboard_Final_Tb/Scoreboard_F_Instance/INCREASE_Filter/syn/line__21  File: C:/Users/marco/Documents/Vivado/Scoreboard/Scoreboard.srcs/sources_1/new/Synchronizer.vhd
Note: ALL REGISTERS ARE 111111111
Time: 115 ns  Iteration: 1  Process: /Scoreboard_Final_Tb/Scoreboard_F_Instance/INCREASE_Filter/deb/line__22  File: C:/Users/marco/Documents/Vivado/Scoreboard/Scoreboard.srcs/sources_1/new/Debouncer.vhd
Note: Synchronizer data_out Set 1
Time: 115 ns  Iteration: 1  Process: /Scoreboard_Final_Tb/Scoreboard_F_Instance/INCREASE_Filter/syn/line__21  File: C:/Users/marco/Documents/Vivado/Scoreboard/Scoreboard.srcs/sources_1/new/Synchronizer.vhd
Note: Synchronizer data_out Set 0
Time: 120 ns  Iteration: 1  Process: /Scoreboard_Final_Tb/Scoreboard_F_Instance/INCREASE_Filter/syn/line__21  File: C:/Users/marco/Documents/Vivado/Scoreboard/Scoreboard.srcs/sources_1/new/Synchronizer.vhd
